Logging level: Verbose
Expanding from '${workspaceRoot}/.vscode/makefile_tools/configurationCache.json' to '/home/dmumm/4040/p1_dev/img/.vscode/makefile_tools/configurationCache.json' for setting 'configurationCachePath'.
Configurations cached at /home/dmumm/4040/p1_dev/img/.vscode/makefile_tools/configurationCache.json
Expanding from '${workspaceFolder}/Makefile' to '/home/dmumm/4040/p1_dev/img/Makefile' for setting 'makefilePath'.
Expanding from '${workspaceFolder}' to '/home/dmumm/4040/p1_dev/img' for setting 'makeDirectory'.
Expanding from '${workspaceFolder}/.vscode/makefile_tools/build.log' to '/home/dmumm/4040/p1_dev/img/.vscode/makefile_tools/build.log' for setting 'buildLog'.
Build log defined at "/home/dmumm/4040/p1_dev/img/.vscode/makefile_tools/build.log"
Always pre-configure: false
Dry-run switches: '--always-make', '--keep-going', '--print-directory'
Additional compiler names: 'gcc'
Expanding from '${workspaceRoot}' to '/home/dmumm/4040/p1_dev/img' for setting 'configurations.0.makeDirectory'.
Expanding from '${workspaceRoot}/Makefile' to '/home/dmumm/4040/p1_dev/img/Makefile' for setting 'configurations.0.makefilePath'.
Found the following configurations defined in makefile.configurations setting: myTestDefault
Reading current launch configuration "/home/dmumm/4040/p1_dev/img/bin>imgviewer()" from the workspace state.
Default launch configuration: MIMode = undefined,
                    miDebuggerPath = undefined,
                    stopAtEntry = undefined,
                    symbolSearchPath = undefined
Configure on open: true
Configure on edit: true
Configure after command: true
Only .PHONY targets: false
Save before build or configure: true
Build before launch: true
Clear output before build: true
Ignore directory commands: true
Expanding from '${workspaceRoot}/.vscode/compile_commands.json' to '/home/dmumm/4040/p1_dev/img/.vscode/compile_commands.json' for setting 'compileCommandsPath'.
compile_commands.json path: /home/dmumm/4040/p1_dev/img/.vscode/compile_commands.json
Deduced command '/usr/bin/make -f /home/dmumm/4040/p1_dev/img/Makefile -C /home/dmumm/4040/p1_dev/img' for configuration "myTestDefault"
Saving opened files before build.
Configuring from cache: /home/dmumm/4040/p1_dev/img/.vscode/makefile_tools/configurationCache.json
Load configuration from cache elapsed time: 0.106
Sending Workspace Browse Configuration: -----------------------------------
    Browse Path: 
    Standard: undefined
    Compiler Path: undefined
    Compiler Arguments: 
----------------------------------------------------------------------------
Generating in the background a new configuration cache with command: '/usr/bin/make -f /home/dmumm/4040/p1_dev/img/Makefile -C /home/dmumm/4040/p1_dev/img --dry-run --always-make --keep-going --print-directory'
Writing the dry-run output: /home/dmumm/4040/p1_dev/img/.vscode/makefile_tools/dryrun.log
Generating dry-run elapsed time: 0.084
Preprocessing: "/home/dmumm/4040/p1_dev/img/.vscode/makefile_tools/dryrun.log"
Preprocess elapsed time: 0
Parsing for IntelliSense.
Updating the CppTools IntelliSense Configuration Provider.
Parsing dry-run output for CppTools Custom Configuration Provider.
Analyzing line: make: Entering directory '/home/dmumm/4040/p1_dev/img'
MAKE -C: entering directory /home/dmumm/4040/p1_dev/img
Found compiler command: g++ -Wall -g -O0 -fPIC  -fopenmp -std=c++14 -c -I../build/include/  -I./include/ -I/usr/include base/Image.C -o base/Image.o
Found compiler command: g++ -Wall -g -O0 -fPIC  -fopenmp -std=c++14 -c -I../build/include/  -I./include/ -I/usr/include base/BasicViewer.C -o base/BasicViewer.o
Found compiler command: g++ -Wall -g -O0 -fPIC  -fopenmp -std=c++14 -c -I../build/include/  -I./include/ -I/usr/include base/imgviewer.C -o base/imgviewer.o
Found compiler command: g++ -Wall -g -O0 -fPIC  -fopenmp -std=c++14 base/imgviewer.C -I../build/include/  -I./include/ -I/usr/include -L./lib -lviewer -limage -lglut -lGL -lm -lGLU -L../build/lib -lOpenImageIO -o bin/imgviewer
Analyzing line: make: Leaving directory '/home/dmumm/4040/p1_dev/img'
POPD command or end of MAKE -C: leaving directory /home/dmumm/4040/p1_dev/img and entering directory /home/dmumm/4040/p1_dev/img
Sending Workspace Browse Configuration: -----------------------------------
    Browse Path: 
    Standard: undefined
    Compiler Path: undefined
    Compiler Arguments: 
----------------------------------------------------------------------------
Parsing for IntelliSense elapsed time: 0.198
Parsing for launch targets.
Analyzing line: make: Entering directory '/home/dmumm/4040/p1_dev/img'
MAKE -C: entering directory /home/dmumm/4040/p1_dev/img
Found linker command: g++ -Wall -g -O0 -fPIC  -fopenmp -std=c++14 base/imgviewer.C -I../build/include/  -I./include/ -I/usr/include -L./lib -lviewer -limage -lglut -lGL -lm -lGLU -L../build/lib -lOpenImageIO -o bin/imgviewer
Producing target binary: bin/imgviewer
Adding launch configuration:
/home/dmumm/4040/p1_dev/img/bin>imgviewer()
Analyzing line: make: Leaving directory '/home/dmumm/4040/p1_dev/img'
POPD command or end of MAKE -C: leaving directory /home/dmumm/4040/p1_dev/img and entering directory /home/dmumm/4040/p1_dev/img
Analyzing line: make: Entering directory '/home/dmumm/4040/p1_dev/img'
MAKE -C: entering directory /home/dmumm/4040/p1_dev/img
Analyzing line: make: Leaving directory '/home/dmumm/4040/p1_dev/img'
POPD command or end of MAKE -C: leaving directory /home/dmumm/4040/p1_dev/img and entering directory /home/dmumm/4040/p1_dev/img
Found the following 1 launch targets defined in the makefile: /home/dmumm/4040/p1_dev/img/bin>imgviewer()
Complete list of launch targets: /home/dmumm/4040/p1_dev/img/bin>imgviewer()
Parsing for launch targets elapsed time: 0.076
Generating parse content for build targets.
Generating targets information with command: '/usr/bin/make all -f /home/dmumm/4040/p1_dev/img/Makefile -C /home/dmumm/4040/p1_dev/img --print-data-base --no-builtin-variables --no-builtin-rules --question'
Writing the dry-run output: /home/dmumm/4040/p1_dev/img/.vscode/makefile_tools/targets.log
Generating dry-run elapsed time: 0.057
Parsing for build targets from: "/home/dmumm/4040/p1_dev/img/.vscode/makefile_tools/targets.log"
Found the following 5 build targets defined in the makefile: all;base;clean;doc;env
Complete list of build targets: all;base;clean;doc;env
Parsing build targets elapsed time: 0.021
Configure finished. The status for all the subphases that ran:
loadFromCache: return code = 0, elapsed time = 0.106
generateParseContent: return code = 0, elapsed time = 0.084
preprocessParseContent: return code = 0, elapsed time = 0
parseIntelliSense: return code = 0, elapsed time = 0.198
parseLaunch: return code = 0, elapsed time = 0.076
dryrunTargets: return code = 1, elapsed time = 0.057
parseTargets: return code = 0, elapsed time = 0.021
Configure succeeded.
Configure elapsed time: 0.74
Configuring after settings or makefile changes...
Saving opened files before build.
Loading configurations from cache is not necessary.
Generating configuration cache with command: '/usr/bin/make -f /home/dmumm/4040/p1_dev/img/Makefile -C /home/dmumm/4040/p1_dev/img --dry-run --keep-going --print-directory'
Writing the dry-run output: /home/dmumm/4040/p1_dev/img/.vscode/makefile_tools/dryrun.log
Generating dry-run elapsed time: 0.054
Preprocessing: "/home/dmumm/4040/p1_dev/img/.vscode/makefile_tools/dryrun.log"
Preprocess elapsed time: 0
Parsing for IntelliSense.
Updating the CppTools IntelliSense Configuration Provider.
Parsing dry-run output for CppTools Custom Configuration Provider.
Analyzing line: make: Entering directory '/home/dmumm/4040/p1_dev/img'
MAKE -C: entering directory /home/dmumm/4040/p1_dev/img
Found compiler command: g++ -Wall -g -O0 -fPIC  -fopenmp -std=c++14 base/imgviewer.C -I../build/include/ -I./include/ -I/usr/include -L./lib -lviewer -limage -L../build/lib -lOpenImageIO_Util -lOpenImageIO -lglut -lGL -lm -lGLU -o bin/imgviewer
Analyzing line: make: Leaving directory '/home/dmumm/4040/p1_dev/img'
POPD command or end of MAKE -C: leaving directory /home/dmumm/4040/p1_dev/img and entering directory /home/dmumm/4040/p1_dev/img
Sending Workspace Browse Configuration: -----------------------------------
    Browse Path: 
    Standard: undefined
    Compiler Path: undefined
    Compiler Arguments: 
----------------------------------------------------------------------------
Parsing for IntelliSense elapsed time: 0.125
Parsing for launch targets.
Analyzing line: make: Entering directory '/home/dmumm/4040/p1_dev/img'
MAKE -C: entering directory /home/dmumm/4040/p1_dev/img
Found linker command: g++ -Wall -g -O0 -fPIC  -fopenmp -std=c++14 base/imgviewer.C -I../build/include/ -I./include/ -I/usr/include -L./lib -lviewer -limage -L../build/lib -lOpenImageIO_Util -lOpenImageIO -lglut -lGL -lm -lGLU -o bin/imgviewer
Producing target binary: bin/imgviewer
Adding launch configuration:
/home/dmumm/4040/p1_dev/img/bin>imgviewer()
Analyzing line: make: Leaving directory '/home/dmumm/4040/p1_dev/img'
POPD command or end of MAKE -C: leaving directory /home/dmumm/4040/p1_dev/img and entering directory /home/dmumm/4040/p1_dev/img
Analyzing line: make: Entering directory '/home/dmumm/4040/p1_dev/img'
MAKE -C: entering directory /home/dmumm/4040/p1_dev/img
Analyzing line: make: Leaving directory '/home/dmumm/4040/p1_dev/img'
POPD command or end of MAKE -C: leaving directory /home/dmumm/4040/p1_dev/img and entering directory /home/dmumm/4040/p1_dev/img
Found the following 1 new launch targets defined in the makefile: /home/dmumm/4040/p1_dev/img/bin>imgviewer()
Complete list of launch targets: /home/dmumm/4040/p1_dev/img/bin>imgviewer()
Parsing for launch targets elapsed time: 0.072
Generating parse content for build targets.
Generating targets information with command: '/usr/bin/make all -f /home/dmumm/4040/p1_dev/img/Makefile -C /home/dmumm/4040/p1_dev/img --print-data-base --no-builtin-variables --no-builtin-rules --question'
Writing the dry-run output: /home/dmumm/4040/p1_dev/img/.vscode/makefile_tools/targets.log
Generating dry-run elapsed time: 0.046
Parsing for build targets from: "/home/dmumm/4040/p1_dev/img/.vscode/makefile_tools/targets.log"
Found the following 5 new build targets defined in the makefile: all;base;clean;doc;env
Complete list of build targets: all;base;clean;doc;env
Parsing build targets elapsed time: 0.01
Configure finished. The status for all the subphases that ran:
generateParseContent: return code = 0, elapsed time = 0.054
preprocessParseContent: return code = 0, elapsed time = 0
parseIntelliSense: return code = 0, elapsed time = 0.125
parseLaunch: return code = 0, elapsed time = 0.072
dryrunTargets: return code = 1, elapsed time = 0.046
parseTargets: return code = 0, elapsed time = 0.01
Configure succeeded.
Configure elapsed time: 0.431
