/usr/bin/make all -f /home/dmumm/4040/p1_dev/img/Makefile -C /home/dmumm/4040/p1_dev/img --print-data-base --no-builtin-variables --no-builtin-rules --question
# GNU Make 4.2.1
# Built for x86_64-pc-linux-gnu
# Copyright (C) 1988-2016 Free Software Foundation, Inc.
# License GPLv3+: GNU GPL version 3 or later <http://gnu.org/licenses/gpl.html>
# This is free software: you are free to change and redistribute it.
# There is NO WARRANTY, to the extent permitted by law.

# Make data base, printed on Mon Oct  2 09:48:49 2023

# Variables

# automatic
<D = $(patsubst %/,%,$(dir $<))
# automatic
?F = $(notdir $?)
# default
.SHELLFLAGS := -c
# environment
XDG_SESSION_CLASS = user
# environment
VSCODE_AGENT_FOLDER = /home/dmumm/.vscode-server-insiders
 
# environment
XDG_SESSION_TYPE = tty
# automatic
?D = $(patsubst %/,%,$(dir $?))
# makefile (from '/home/dmumm/4040/p1_dev/img/Makefile', line 14)
INCLUDES = -I../build/include/ -I./include/ -I/usr/include
# automatic
@D = $(patsubst %/,%,$(dir $@))
# automatic
@F = $(notdir $@)
# default
MAKE_VERSION := 4.2.1
# makefile
CURDIR := /home/dmumm/4040/p1_dev/img
# makefile
SHELL = /bin/sh
# environment
VSCODE_NLS_CONFIG = {"locale":"en","osLocale":"en","availableLanguages":{}}
# environment
_ = /home/dmumm/.vscode-server-insiders/cli/servers/Insiders-8bac42dd1ec2bb223e847a16437b196c040680e5/server/node
# makefile (from '/home/dmumm/4040/p1_dev/img/Makefile', line 1)
MAKEFILE_LIST :=  /home/dmumm/4040/p1_dev/img/Makefile
# 'override' directive
GNUMAKEFLAGS := 
# environment
XDG_DATA_DIRS = /usr/local/share:/usr/share:/var/lib/snapd/desktop
# environment
DBUS_SESSION_BUS_ADDRESS = unix:path=/run/user/301839/bus
# environment
VSCODE_CWD = /home/dmumm
# environment
SSH_CONNECTION = 10.121.4.247 51440 130.127.49.28 22
# environment
PATH = /home/dmumm/.vscode-server-insiders/cli/servers/Insiders-8bac42dd1ec2bb223e847a16437b196c040680e5/server/bin/remote-cli:/usr/local/sbin:/usr/local/bin:/usr/sbin:/usr/bin:/sbin:/bin:/usr/games:/usr/local/games:/snap/bin
# environment
XDG_RUNTIME_DIR = /run/user/301839
# environment
ELECTRON_RUN_AS_NODE = 1
# environment
VSCODE_IPC_HOOK_CLI = /run/user/301839/vscode-ipc-c513a25a-9cb4-470b-9a30-b85b02fce824.sock
# makefile (from '/home/dmumm/4040/p1_dev/img/Makefile', line 10)
GLLDFLAGS = -lglut -lGL -lm -lGLU
# default
.FEATURES := target-specific order-only second-expansion else-if shortest-stem undefine oneshell archives jobserver output-sync check-symlink load
# automatic
%F = $(notdir $%)
# makefile (from '/home/dmumm/4040/p1_dev/img/Makefile', line 7)
LIBVIEWER = $(ROOTDIR)/lib/libviewer.a
# environment
SSL_CERT_FILE = /usr/lib/ssl/certs/ca-certificates.crt
# environment
PWD = /home/dmumm/4040/p1_dev/img
# default
.LOADED := 
# automatic
*D = $(patsubst %/,%,$(dir $*))
# environment
VSCODE_AMD_ENTRYPOINT = vs/workbench/api/node/extensionHostProcess
# environment
HOME = /home/dmumm
# environment
LOGNAME = dmumm
# environment
APPLICATION_INSIGHTS_NO_DIAGNOSTIC_CHANNEL = true
# automatic
+F = $(notdir $+)
# environment
VSCODE_HANDLES_UNCAUGHT_ERRORS = true
# automatic
^D = $(patsubst %/,%,$(dir $^))
# environment
MAKELEVEL := 0
# default
MAKE = $(MAKE_COMMAND)
# default
MAKECMDGOALS := all
# environment
SHLVL = 0
# environment
XDG_SESSION_ID = 336
# environment
USER = dmumm
# makefile
.DEFAULT_GOAL := base
# environment
LIBVIRT_DEFAULT_URI = qemu:///system
# automatic
%D = $(patsubst %/,%,$(dir $%))
# default
MAKE_COMMAND := /usr/bin/make
# default
.VARIABLES := 
# automatic
*F = $(notdir $*)
# environment
LANGUAGE = en_US:
# makefile
MAKEFLAGS = pqrRw
# environment
MFLAGS = -pqrRw
# environment
SSH_CLIENT = 10.121.4.247 51440 22
# automatic
+D = $(patsubst %/,%,$(dir $+))
# environment
VSCODE_L10N_BUNDLE_LOCATION = 
# environment
BROWSER = /home/dmumm/.vscode-server-insiders/cli/servers/Insiders-8bac42dd1ec2bb223e847a16437b196c040680e5/server/bin/helpers/browser.sh
# environment
VSCODE_HANDLES_SIGPIPE = true
# default
MAKEFILES := 
# automatic
<F = $(notdir $<)
# makefile (from '/home/dmumm/4040/p1_dev/img/Makefile', line 12)
CXX = g++ -Wall -g -O0 -fPIC $(DEFINES) -fopenmp -std=c++14
# makefile (from '/home/dmumm/4040/p1_dev/img/Makefile', line 8)
LIBIMAGE = $(ROOTDIR)/lib/libimage.a
# environment
LC_ALL = C
# environment
JETBRAINS_LICENSE_SERVER = http://license3.cs.clemson.edu:8088
# environment
SSL_CERT_DIR = /usr/lib/ssl/certs
# automatic
^F = $(notdir $^)
# default
SUFFIXES := 
# makefile (from '/home/dmumm/4040/p1_dev/img/Makefile', line 6)
ROOTDIR = .
# default
.INCLUDE_DIRS = /usr/include /usr/local/include /usr/include
# makefile (from '/home/dmumm/4040/p1_dev/img/Makefile', line 1)
OFILES = base/Image.o base/BasicViewer.o base/imgviewer.o
# default
.RECIPEPREFIX := 
# default
MAKE_HOST := x86_64-pc-linux-gnu
# environment
LANG = C
# environment
MOTD_SHOWN = pam
# variable set hash-table stats:
# Load=76/1024=7%, Rehash=0, Collisions=9/109=8%

# Pattern-specific Variable Values

# No pattern-specific variable values.

# Directories


# No files, no impossibilities in 0 directories.

# Implicit Rules

# No implicit rules.

# Files

all: clean env base
#  Command line target.
#  Implicit rule search has been done.
#  File does not exist.
#  File has been updated.
#  Needs to be updated (-q is set).
# variable set hash-table stats:
# Load=0/32=0%, Rehash=0, Collisions=0/7=0%

.PHONY: doc
#  Implicit rule search has not been done.
#  Modification time never checked.
#  File has not been updated.

# Not a target:
base/imgviewer.o:
#  Implicit rule search has not been done.
#  Modification time never checked.
#  File has not been updated.

# Not a target:
base/BasicViewer.o:
#  Implicit rule search has not been done.
#  Modification time never checked.
#  File has not been updated.

# Not a target:
.SUFFIXES:
#  Implicit rule search has not been done.
#  Modification time never checked.
#  File has not been updated.

.C.o:
#  Implicit rule search has not been done.
#  Modification time never checked.
#  File has not been updated.
#  recipe to execute (from '/home/dmumm/4040/p1_dev/img/Makefile', line 18):
	$(CXX) -c $(INCLUDES) $< -o $@

# Not a target:
/home/dmumm/4040/p1_dev/img/Makefile:
#  Implicit rule search has been done.
#  Last modified 2023-10-02 09:47:33.475663
#  File has been updated.
#  Successfully updated.

# Not a target:
.DEFAULT:
#  Implicit rule search has not been done.
#  Modification time never checked.
#  File has not been updated.

base: base/Image.o base/BasicViewer.o base/imgviewer.o
#  Implicit rule search has not been done.
#  Modification time never checked.
#  File has not been updated.
#  recipe to execute (from '/home/dmumm/4040/p1_dev/img/Makefile', line 21):
	ar rv $(LIBVIEWER) $?
	ar rv $(LIBIMAGE) $?
	$(CXX) base/imgviewer.C $(INCLUDES) -L./lib -lviewer -limage -L../build/lib -lOpenImageIO_Util -lOpenImageIO $(GLLDFLAGS) -o bin/imgviewer

clean:
#  Implicit rule search has not been done.
#  Implicit/static pattern stem: ''
#  File does not exist.
#  File has been updated.
#  Needs to be updated (-q is set).
# automatic
# @ := clean
# automatic
# % := 
# automatic
# * := 
# automatic
# + := 
# automatic
# | := 
# automatic
# < := 
# automatic
# ^ := 
# automatic
# ? := 
# variable set hash-table stats:
# Load=8/32=25%, Rehash=0, Collisions=3/15=20%
#  recipe to execute (from '/home/dmumm/4040/p1_dev/img/Makefile', line 29):
	rm -rf bin/imgviewer doc/html *.o base/*.o base/*~ include/*~ python/*~ $(LIBVIEWER) $(LIBIMAGE) *~ swig/*.cxx swig/*~ swig/*.so swig/*.o swig/StarterViewer.py swig/*.pyc ./*.pyc python/*StarterViewer*

# Not a target:
base/Image.o:
#  Implicit rule search has not been done.
#  Modification time never checked.
#  File has not been updated.

doc:
#  Phony target (prerequisite of .PHONY).
#  Implicit rule search has not been done.
#  File does not exist.
#  File has not been updated.
#  recipe to execute (from '/home/dmumm/4040/p1_dev/img/Makefile', line 35):
	cd doc;doxygen Doxyfile

env:
#  Implicit rule search has not been done.
#  Modification time never checked.
#  File has not been updated.
#  recipe to execute (from '/home/dmumm/4040/p1_dev/img/Makefile', line 26):
	export LD_LIBRARY_PATH=../build/lib

# files hash-table stats:
# Load=13/1024=1%, Rehash=0, Collisions=0/33=0%
# VPATH Search Paths

# No 'vpath' search paths.

# No general ('VPATH' variable) search path.

# strcache buffers: 1 (0) / strings = 16 / storage = 200 B / avg = 12 B
# current buf: size = 8162 B / used = 200 B / count = 16 / avg = 12 B

# strcache performance: lookups = 32 / hit rate = 50%
# hash-table stats:
 
# Load=16/8192=0%, Rehash=0, Collisions=0/32=0%
# Finished Make data base on Mon Oct  2 09:48:49 2023

 
